0 silly argv {
0 silly argv   _: [ 'exec' ],
0 silly argv   scope: [ '@uiw/*', 'uiw' ],
0 silly argv   ignore: '@uiw/doc',
0 silly argv   args: [],
0 silly argv   '--': [ 'tsbb', 'build' ],
0 silly argv   lernaVersion: '4.0.0',
0 silly argv   '$0': '/Users/yaob/www/uiw/node_modules/.bin/lerna'
0 silly argv }
1 notice cli v4.0.0
2 verbose rootPath /Users/yaob/www/uiw
3 info versioning independent
4 error JSONError: Unexpected token "<" (0x3C) in JSON at position 878 while parsing near "...  \"dependencies\": {\n<<<<<<< HEAD\n    \"@u..." in packages/react-file-input/package.json
4 error
4 error [0m [90m 45 |[39m   }[33m,[39m[0m
4 error [0m [90m 46 |[39m   [32m"dependencies"[39m[33m:[39m {[0m
4 error [0m[31m[1m>[22m[39m[90m 47 |[39m [33m<<[39m[33m<<[39m[33m<<[39m[33m<[39m [33mHEAD[39m[0m
4 error [0m [90m    |[39m [31m[1m^[22m[39m[0m
4 error [0m [90m 48 |[39m     [32m"@uiw/react-input"[39m[33m:[39m [32m"^4.10.2"[39m[33m,[39m[0m
4 error [0m [90m 49 |[39m     [32m"@uiw/react-button"[39m[33m:[39m [32m"^4.10.2"[39m[33m,[39m[0m
4 error [0m [90m 50 |[39m     [32m"@uiw/react-icon"[39m[33m:[39m [32m"^4.10.2"[39m[0m
4 error
4 error     at parseJson (/Users/yaob/www/uiw/node_modules/parse-json/index.js:29:21)
4 error     at parse (/Users/yaob/www/uiw/node_modules/load-json-file/index.js:15:9)
4 error     at module.exports (/Users/yaob/www/uiw/node_modules/load-json-file/index.js:18:47)
